<?xml version="1.0" encoding="UTF-8"?>
<testng-results skipped="0" failed="0" ignored="0" total="1" passed="1">
  <reporter-output>
  </reporter-output>
  <suite name="Default suite" duration-ms="147014" started-at="2021-09-03T04:38:22Z" finished-at="2021-09-03T04:40:49Z">
    <groups>
    </groups>
    <test name="Default test" duration-ms="147014" started-at="2021-09-03T04:38:22Z" finished-at="2021-09-03T04:40:49Z">
      <class name="script.Sample">
        <test-method status="PASS" signature="f()[pri:0, instance:script.Sample@6767c1fc]" name="f" duration-ms="146983" started-at="2021-09-03T04:38:22Z" finished-at="2021-09-03T04:40:49Z">
          <reporter-output>
          </reporter-output>
        </test-method> <!-- f -->
      </class> <!-- script.Sample -->
    </test> <!-- Default test -->
  </suite> <!-- Default suite -->
</testng-results>
